<?xml version="1.0" encoding="UTF-8"?>
<!-- Generated by org.testng.reporters.JUnitXMLReporter -->
<testsuite hostname="LAPTOP-02H2H77P" ignored="0" name="Test" tests="3" failures="1" timestamp="22 Oct 2020 20:53:45 GMT" time="4.127" errors="0">
  <testcase name="pageDetails" time="2.768" classname="com.smallcaseAPI.abc"/>
  <testcase name="pageDs" time="0.42" classname="com.smallcaseAPI.abc">
    <failure type="java.lang.AssertionError" message="expected [200] but found [20]">
      <![CDATA[java.lang.AssertionError: expected [200] but found [20]
at com.smallcaseAPI.abc.pageDs(abc.java:104)
... Removed 31 stack frames]]>
    </failure>
  </testcase> <!-- pageDs -->
  <testcase name="pagelllllll" time="0.401" classname="com.smallcaseAPI.abc"/>
</testsuite> <!-- Test -->
