<?xml version="1.0" encoding="UTF-8"?>
<testng-results skipped="0" failed="1" ignored="0" total="3" passed="2">
  <reporter-output>
  </reporter-output>
  <suite name="Suite" duration-ms="4127" started-at="2020-10-22T20:53:41Z" finished-at="2020-10-22T20:53:45Z">
    <groups>
    </groups>
    <test name="Test" duration-ms="4127" started-at="2020-10-22T20:53:41Z" finished-at="2020-10-22T20:53:45Z">
      <class name="com.smallcaseAPI.abc">
        <test-method status="PASS" signature="setExtent()[pri:0, instance:com.smallcaseAPI.abc@2758fe70]" name="setExtent" is-config="true" duration-ms="118" started-at="2020-10-22T20:53:41Z" finished-at="2020-10-22T20:53:41Z">
          <reporter-output>
          </reporter-output>
        </test-method> <!-- setExtent -->
        <test-method status="PASS" signature="pageDetails()[pri:1, instance:com.smallcaseAPI.abc@2758fe70]" name="pageDetails" duration-ms="2768" started-at="2020-10-22T20:53:41Z" description="Get page details" finished-at="2020-10-22T20:53:44Z">
          <reporter-output>
          </reporter-output>
        </test-method> <!-- pageDetails -->
        <test-method status="PASS" signature="tearDown(org.testng.ITestResult)[pri:0, instance:com.smallcaseAPI.abc@2758fe70]" name="tearDown" is-config="true" duration-ms="7" started-at="2020-10-22T20:53:44Z" finished-at="2020-10-22T20:53:44Z">
          <params>
            <param index="0">
              <value>
                <![CDATA[[TestResult name=pageDetails status=SUCCESS method=abc.pageDetails()[pri:1, instance:com.smallcaseAPI.abc@2758fe70] output={null}]]]>
              </value>
            </param>
          </params>
          <reporter-output>
          </reporter-output>
        </test-method> <!-- tearDown -->
        <test-method status="FAIL" signature="pageDs()[pri:2, instance:com.smallcaseAPI.abc@2758fe70]" name="pageDs" duration-ms="420" started-at="2020-10-22T20:53:44Z" description="Get page " finished-at="2020-10-22T20:53:45Z">
          <exception class="java.lang.AssertionError">
            <message>
              <![CDATA[expected [200] but found [20]]]>
            </message>
            <full-stacktrace>
              <![CDATA[java.lang.AssertionError: expected [200] but found [20]
at org.testng.Assert.fail(Assert.java:96)
at org.testng.Assert.failNotEquals(Assert.java:776)
at org.testng.Assert.assertEqualsImpl(Assert.java:137)
at org.testng.Assert.assertEquals(Assert.java:118)
at org.testng.Assert.assertEquals(Assert.java:652)
at org.testng.Assert.assertEquals(Assert.java:662)
at com.smallcaseAPI.abc.pageDs(abc.java:104)
at sun.reflect.NativeMethodAccessorImpl.invoke0(Native Method)
at sun.reflect.NativeMethodAccessorImpl.invoke(Unknown Source)
at sun.reflect.DelegatingMethodAccessorImpl.invoke(Unknown Source)
at java.lang.reflect.Method.invoke(Unknown Source)
at org.testng.internal.MethodInvocationHelper.invokeMethod(MethodInvocationHelper.java:124)
at org.testng.internal.Invoker.invokeMethod(Invoker.java:583)
at org.testng.internal.Invoker.invokeTestMethod(Invoker.java:719)
at org.testng.internal.Invoker.invokeTestMethods(Invoker.java:989)
at org.testng.internal.TestMethodWorker.invokeTestMethods(TestMethodWorker.java:125)
at org.testng.internal.TestMethodWorker.run(TestMethodWorker.java:109)
at org.testng.TestRunner.privateRun(TestRunner.java:648)
at org.testng.TestRunner.run(TestRunner.java:505)
at org.testng.SuiteRunner.runTest(SuiteRunner.java:455)
at org.testng.SuiteRunner.runSequentially(SuiteRunner.java:450)
at org.testng.SuiteRunner.privateRun(SuiteRunner.java:415)
at org.testng.SuiteRunner.run(SuiteRunner.java:364)
at org.testng.SuiteRunnerWorker.runSuite(SuiteRunnerWorker.java:52)
at org.testng.SuiteRunnerWorker.run(SuiteRunnerWorker.java:84)
at org.testng.TestNG.runSuitesSequentially(TestNG.java:1208)
at org.testng.TestNG.runSuitesLocally(TestNG.java:1137)
at org.testng.TestNG.runSuites(TestNG.java:1049)
at org.testng.TestNG.run(TestNG.java:1017)
at org.testng.remote.AbstractRemoteTestNG.run(AbstractRemoteTestNG.java:115)
at org.testng.remote.RemoteTestNG.initAndRun(RemoteTestNG.java:251)
at org.testng.remote.RemoteTestNG.main(RemoteTestNG.java:77)
]]>
            </full-stacktrace>
          </exception> <!-- java.lang.AssertionError -->
          <reporter-output>
          </reporter-output>
        </test-method> <!-- pageDs -->
        <test-method status="PASS" signature="tearDown(org.testng.ITestResult)[pri:0, instance:com.smallcaseAPI.abc@2758fe70]" name="tearDown" is-config="true" duration-ms="1" started-at="2020-10-22T20:53:45Z" finished-at="2020-10-22T20:53:45Z">
          <params>
            <param index="0">
              <value>
                <![CDATA[[TestResult name=pageDs status=FAILURE method=abc.pageDs()[pri:2, instance:com.smallcaseAPI.abc@2758fe70] output={null}]]]>
              </value>
            </param>
          </params>
          <reporter-output>
          </reporter-output>
        </test-method> <!-- tearDown -->
        <test-method status="PASS" signature="pagelllllll()[pri:3, instance:com.smallcaseAPI.abc@2758fe70]" name="pagelllllll" duration-ms="401" started-at="2020-10-22T20:53:45Z" description="pagekkkkkk details" finished-at="2020-10-22T20:53:45Z">
          <reporter-output>
          </reporter-output>
        </test-method> <!-- pagelllllll -->
        <test-method status="PASS" signature="tearDown(org.testng.ITestResult)[pri:0, instance:com.smallcaseAPI.abc@2758fe70]" name="tearDown" is-config="true" duration-ms="0" started-at="2020-10-22T20:53:45Z" finished-at="2020-10-22T20:53:45Z">
          <params>
            <param index="0">
              <value>
                <![CDATA[[TestResult name=pagelllllll status=SUCCESS method=abc.pagelllllll()[pri:3, instance:com.smallcaseAPI.abc@2758fe70] output={null}]]]>
              </value>
            </param>
          </params>
          <reporter-output>
          </reporter-output>
        </test-method> <!-- tearDown -->
        <test-method status="PASS" signature="endReport()[pri:0, instance:com.smallcaseAPI.abc@2758fe70]" name="endReport" is-config="true" duration-ms="376" started-at="2020-10-22T20:53:45Z" finished-at="2020-10-22T20:53:45Z">
          <reporter-output>
          </reporter-output>
        </test-method> <!-- endReport -->
      </class> <!-- com.smallcaseAPI.abc -->
    </test> <!-- Test -->
  </suite> <!-- Suite -->
</testng-results>
